
x==========x]
[2024-06-04 12:45:08,566: INFO: main: *******************]
[2024-06-04 12:45:08,566: INFO: main: >>>>>> stage Evaluation stage started <<<<<<]
[2024-06-04 12:45:08,566: INFO: common: yaml file: config\config.yaml loaded successfully]
[2024-06-04 12:45:08,575: INFO: common: yaml file: params.yaml loaded successfully]
[2024-06-04 12:45:08,578: INFO: common: created directory at: artifacts]
[2024-06-04 12:45:09,184: WARNING: saving_utils: Compiled the loaded model, but the compiled metrics have yet to be built. `model.compile_metrics` will be empty until you train or evaluate the model.]
[2024-06-04 12:45:47,349: INFO: common: json file saved at: scores.json]
[2024-06-04 12:45:47,359: INFO: common: json file saved at: scores.json]
[2024-06-04 12:46:06,747: INFO: helpers: Initialized MLflow to track repo "TTNamUS/Kidney-Disease-Classification-Project"]
[2024-06-04 12:46:06,747: INFO: helpers: Repository TTNamUS/Kidney-Disease-Classification-Project initialized!]
[2024-06-04 12:51:08,882: INFO: main: *******************]
[2024-06-04 12:51:08,882: INFO: main: >>>>>> stage Evaluation stage started <<<<<<]
[2024-06-04 12:51:08,882: INFO: common: yaml file: config\config.yaml loaded successfully]
[2024-06-04 12:51:08,889: INFO: common: yaml file: params.yaml loaded successfully]
[2024-06-04 12:51:08,889: INFO: common: created directory at: artifacts]
[2024-06-04 12:51:09,460: WARNING: saving_utils: Compiled the loaded model, but the compiled metrics have yet to be built. `model.compile_metrics` will be empty until you train or evaluate the model.]
[2024-06-04 12:51:48,451: INFO: common: json file saved at: scores.json]
[2024-06-04 12:51:48,451: INFO: common: json file saved at: scores.json]
[2024-06-04 12:52:05,432: INFO: helpers: Initialized MLflow to track repo "TTNamUS/Kidney-Disease-Classification-Project"]
[2024-06-04 12:52:05,432: INFO: helpers: Repository TTNamUS/Kidney-Disease-Classification-Project initialized!]
[2024-06-04 12:52:20,134: WARNING: connectionpool: Retrying (Retry(total=4, connect=5, read=4, redirect=5, status=5)) after connection broken by 'RemoteDisconnected('Remote end closed connection without response')': /TTNamUS/Kidney-Disease-Classification-Project.mlflow/api/2.0/mlflow/runs/create]
[2024-06-04 12:55:24,981: INFO: main: >>>>>> stage Evaluation stage completed <<<<<<

x==========x]
[2024-06-04 12:55:49,718: INFO: main: *******************]
[2024-06-04 12:55:49,719: INFO: main: >>>>>> stage Evaluation stage started <<<<<<]
[2024-06-04 12:55:49,721: INFO: common: yaml file: config\config.yaml loaded successfully]
[2024-06-04 12:55:49,726: INFO: common: yaml file: params.yaml loaded successfully]
[2024-06-04 12:55:49,727: INFO: common: created directory at: artifacts]
[2024-06-04 12:55:50,133: WARNING: saving_utils: Compiled the loaded model, but the compiled metrics have yet to be built. `model.compile_metrics` will be empty until you train or evaluate the model.]
[2024-06-04 12:56:24,458: INFO: common: json file saved at: scores.json]
[2024-06-04 12:56:24,458: INFO: common: json file saved at: scores.json]
[2024-06-04 12:56:26,802: INFO: helpers: Initialized MLflow to track repo "TTNamUS/Kidney-Disease-Classification-Project"]
[2024-06-04 12:56:26,802: INFO: helpers: Repository TTNamUS/Kidney-Disease-Classification-Project initialized!]
[2024-06-04 12:57:32,022: INFO: main: >>>>>> stage Evaluation stage completed <<<<<<

x==========x]
